
--- 2023-11-21T23:44:41.885Z debug
🐛 Writing logs to ".wrangler/logs/wrangler-2023-11-21_23-44-41_742.log"
---

--- 2023-11-21T23:44:41.885Z debug
Failed to load .env file ".env": Error: ENOENT: no such file or directory, open '.env'
    at Object.open (node:internal/fs/sync:78:18)
    at Object.openSync (node:fs:565:17)
    at Object.readFileSync (node:fs:445:35)
    at tryLoadDotEnv (/root/.local/share/pnpm/global/5/.pnpm/wrangler@3.17.0/node_modules/wrangler/wrangler-dist/cli.js:122671:72)
    at loadDotEnv (/root/.local/share/pnpm/global/5/.pnpm/wrangler@3.17.0/node_modules/wrangler/wrangler-dist/cli.js:122680:12)
    at /root/.local/share/pnpm/global/5/.pnpm/wrangler@3.17.0/node_modules/wrangler/wrangler-dist/cli.js:146614:20
    at /root/.local/share/pnpm/global/5/.pnpm/wrangler@3.17.0/node_modules/wrangler/wrangler-dist/cli.js:130116:16
    at maybeAsyncResult (/root/.local/share/pnpm/global/5/.pnpm/wrangler@3.17.0/node_modules/wrangler/wrangler-dist/cli.js:128337:44)
    at /root/.local/share/pnpm/global/5/.pnpm/wrangler@3.17.0/node_modules/wrangler/wrangler-dist/cli.js:130115:14
    at /root/.local/share/pnpm/global/5/.pnpm/wrangler@3.17.0/node_modules/wrangler/wrangler-dist/cli.js:128324:22 {
  errno: -2,
  code: 'ENOENT',
  syscall: 'open',
  path: '.env'
}
---
