
--- 2023-11-21T23:41:52.805Z debug
🐛 Writing logs to ".wrangler/logs/wrangler-2023-11-21_23-41-52_634.log"
---

--- 2023-11-21T23:41:52.805Z debug
Failed to load .env file ".env": Error: ENOENT: no such file or directory, open '.env'
    at Object.open (node:internal/fs/sync:78:18)
    at Object.openSync (node:fs:565:17)
    at Object.readFileSync (node:fs:445:35)
    at tryLoadDotEnv (/root/.local/share/pnpm/global/5/.pnpm/wrangler@3.17.0/node_modules/wrangler/wrangler-dist/cli.js:122671:72)
    at loadDotEnv (/root/.local/share/pnpm/global/5/.pnpm/wrangler@3.17.0/node_modules/wrangler/wrangler-dist/cli.js:122680:12)
    at /root/.local/share/pnpm/global/5/.pnpm/wrangler@3.17.0/node_modules/wrangler/wrangler-dist/cli.js:146614:20
    at /root/.local/share/pnpm/global/5/.pnpm/wrangler@3.17.0/node_modules/wrangler/wrangler-dist/cli.js:130116:16
    at maybeAsyncResult (/root/.local/share/pnpm/global/5/.pnpm/wrangler@3.17.0/node_modules/wrangler/wrangler-dist/cli.js:128337:44)
    at /root/.local/share/pnpm/global/5/.pnpm/wrangler@3.17.0/node_modules/wrangler/wrangler-dist/cli.js:130115:14
    at /root/.local/share/pnpm/global/5/.pnpm/wrangler@3.17.0/node_modules/wrangler/wrangler-dist/cli.js:128324:22 {
  errno: -2,
  code: 'ENOENT',
  syscall: 'open',
  path: '.env'
}
---

--- 2023-11-21T23:41:53.439Z log
 ⛅️ wrangler 3.17.0
[38;5;214m-------------------[39m
---

--- 2023-11-21T23:41:53.440Z log
Attempting to login via OAuth...
---

--- 2023-11-21T23:41:53.446Z log
Opening a link in your default browser: https://dash.cloudflare.com/oauth2/auth?response_type=code&client_id=54d11594-84e4-41aa-b438-e81b8fa78ee7&redirect_uri=http%3A%2F%2Flocalhost%3A8976%2Foauth%2Fcallback&scope=account%3Aread%20user%3Aread%20workers%3Awrite%20workers_kv%3Awrite%20workers_routes%3Awrite%20workers_scripts%3Awrite%20workers_tail%3Aread%20d1%3Awrite%20pages%3Awrite%20zone%3Aread%20ssl_certs%3Awrite%20constellation%3Awrite%20ai%3Aread%20offline_access&state=MRCrPKrl5f.ncTBB0cQ-41Uh6RJqa4c8&code_challenge=2nxsL9opcsempFBoi_uhYp2_JLh9nPbNyk-f3sWXmpQ&code_challenge_method=S256
---

--- 2023-11-21T23:42:07.182Z debug
Checking if domain has Access enabled: dash.cloudflare.com
---

--- 2023-11-21T23:42:07.182Z debug
Access switch not cached for: dash.cloudflare.com
---

--- 2023-11-21T23:42:07.352Z debug
Caching access switch for: dash.cloudflare.com
---

--- 2023-11-21T23:42:07.593Z log
Successfully logged in.
---

--- 2023-11-21T23:42:07.606Z debug
-- START CF API REQUEST: GET https://api.cloudflare.com/client/v4/user
---

--- 2023-11-21T23:42:07.606Z debug
HEADERS: omitted; set WRANGLER_LOG_SANITIZE=false to include sanitized data
---

--- 2023-11-21T23:42:07.606Z debug
INIT: omitted; set WRANGLER_LOG_SANITIZE=false to include sanitized data
---

--- 2023-11-21T23:42:07.606Z debug
-- END CF API REQUEST
---

--- 2023-11-21T23:42:07.969Z debug
-- START CF API RESPONSE: OK 200
---

--- 2023-11-21T23:42:07.970Z debug
HEADERS: omitted; set WRANGLER_LOG_SANITIZE=false to include sanitized data
---

--- 2023-11-21T23:42:07.970Z debug
RESPONSE: omitted; set WRANGLER_LOG_SANITIZE=false to include sanitized data
---

--- 2023-11-21T23:42:07.970Z debug
-- END CF API RESPONSE
---

--- 2023-11-21T23:42:07.971Z debug
Saving to cache: {"userId":"056ff79c3962b8c6ed05041be399327a"}
---

--- 2023-11-21T23:42:12.357Z log
Your choice has been saved in the following file: ../../.config/.wrangler/metrics.json.

  You can override the user level setting for a project in `wrangler.toml`:

   - to disable sending metrics for a project: `send_metrics = false`
   - to enable sending metrics for a project: `send_metrics = true`
---

--- 2023-11-21T23:42:12.358Z debug
Metrics dispatcher: Dispatching disabled - would have sent {"type":"event","name":"login user","properties":{}}.
---
